2025-06-09 11:45:19.744 [info] Starting Python Locator /root/.vscode/extensions/ms-python.python-2025.6.1-linux-x64/python-env-tools/bin/pet server
2025-06-09 11:45:19.777 [info] Discovered manager: (Poetry) /usr/local/bin/poetry
2025-06-09 11:45:19.777 [info] Discovered env: /opt/bin/python
2025-06-09 11:45:20.685 [info] Discovered env: /usr/bin/python
2025-06-09 11:45:20.687 [info] Discovered env: /bin/python
2025-06-09 11:45:20.698 [info] Discovered env: /bin/python2
2025-06-09 11:45:20.698 [info] Discovered env: /usr/bin/python2
2025-06-09 11:45:20.700 [info] Discovered env: /usr/bin/python3.11
2025-06-09 11:45:20.701 [info] Discovered env: /bin/python3.11
2025-06-09 11:45:20.702 [info] Discovered env: /usr/bin/python3.12
2025-06-09 11:45:20.703 [info] Discovered env: /bin/python3.12
2025-06-09 11:45:20.905 [info] Locator Conda took 169.047815ms
2025-06-09 11:45:20.905 [info] Locator Homebrew took 3.26183ms
2025-06-09 11:45:20.905 [info] Locator LinuxGlobal took 971.054542ms
2025-06-09 11:45:20.905 [info] Locator PipEnv took 34.69µs
2025-06-09 11:45:20.905 [info] Locator Pixi took 29.55µs
2025-06-09 11:45:20.905 [info] Locator Poetry took 3.697371ms
2025-06-09 11:45:20.905 [info] Locator PyEnv took 2.705618ms
2025-06-09 11:45:20.905 [info] Locator Venv took 76.749µs
2025-06-09 11:45:20.905 [info] Locator VirtualEnv took 39.856µs
2025-06-09 11:45:20.905 [info] Locator VirtualEnvWrapper took 37.333µs
2025-06-09 11:45:20.905 [info] Locator GlobalVirtualEnvs took 1.18605ms
2025-06-09 11:45:20.905 [info] Locator Locators took 982.79564ms
2025-06-09 11:45:20.906 [info] Locator Path took 1.272847095s
2025-06-09 11:45:20.906 [info] Locator Workspaces took 2.582756ms
2025-06-09 11:45:20.906 [info] Refresh completed in 1273ms
2025-06-09 11:45:20.950 [info] Resolved Python Environment /usr/bin/python
