2025-06-09 11:45:21.852 [info] (Client) Pylance async client (2025.5.1) started with python extension (2025.6.1)
2025-06-09 11:45:23.096 [info] [Info  - 11:45:23 AM] (61933) Server root directory: file:///root/.vscode/extensions/ms-python.vscode-pylance-2025.5.1/dist
2025-06-09 11:45:23.097 [info] [Info  - 11:45:23 AM] (61933) Pylance language server 2025.5.1 (pyright version 1.1.400, commit b962ffc2) starting
2025-06-09 11:45:23.114 [info] [Info  - 11:45:23 AM] (61933) Starting service instance "0xdf_html" for workspace "/root/Documents/0xdf_html"
2025-06-09 11:45:23.217 [info] [Info  - 11:45:23 AM] (61933) Setting environmentName for service "0xdf_html": "3.13.3 (global)"
2025-06-09 11:45:23.217 [info] [Info  - 11:45:23 AM] (61933) Setting pythonPath for service "0xdf_html": "/usr/bin/python"
2025-06-09 11:45:23.217 [info] [Info  - 11:45:23 AM] (61933) No include entries specified; assuming /root/Documents/0xdf_html
2025-06-09 11:45:23.218 [info] [Info  - 11:45:23 AM] (61933) Auto-excluding **/node_modules
2025-06-09 11:45:23.218 [info] [Info  - 11:45:23 AM] (61933) Auto-excluding **/__pycache__
2025-06-09 11:45:23.218 [info] [Info  - 11:45:23 AM] (61933) Auto-excluding **/.*
2025-06-09 11:45:23.282 [info] [Info  - 11:45:23 AM] (61933) Assuming Python version 3.13.3.final.0
2025-06-09 11:45:24.040 [info] [Info  - 11:45:24 AM] (61933) Found 1 source file
2025-06-09 11:45:24.139 [info] [Info  - 11:45:24 AM] (61933) Setting environmentName for service "0xdf_html": "3.13.3 (global)"
2025-06-09 11:45:24.139 [info] [Info  - 11:45:24 AM] (61933) Setting pythonPath for service "0xdf_html": "/usr/bin/python"
2025-06-09 11:45:24.140 [info] [Info  - 11:45:24 AM] (61933) No include entries specified; assuming /root/Documents/0xdf_html
2025-06-09 11:45:24.140 [info] [Info  - 11:45:24 AM] (61933) Auto-excluding **/node_modules
2025-06-09 11:45:24.140 [info] [Info  - 11:45:24 AM] (61933) Auto-excluding **/__pycache__
2025-06-09 11:45:24.140 [info] [Info  - 11:45:24 AM] (61933) Auto-excluding **/.*
2025-06-09 11:45:24.224 [info] [Info  - 11:45:24 AM] (61933) Assuming Python version 3.13.3.final.0
2025-06-09 11:45:24.665 [info] [Info  - 11:45:24 AM] (61933) Found 1 source file
2025-06-09 11:45:25.899 [info] [Info  - 11:45:25 AM] (61933) BG: Priority queue background worker(2) root directory: file:///root/.vscode/extensions/ms-python.vscode-pylance-2025.5.1/dist
2025-06-09 11:45:25.899 [info] [Info  - 11:45:25 AM] (61933) BG: Priority queue background worker(2) started
2025-06-09 11:45:26.152 [info] [Info  - 11:45:26 AM] (61933) Starting service instance "<default>" for workspace ""
2025-06-09 11:45:26.216 [info] [Info  - 11:45:26 AM] (61933) Setting environmentName for service "<default>": "3.13.3 (global)"
2025-06-09 11:45:26.216 [info] [Info  - 11:45:26 AM] (61933) Setting pythonPath for service "<default>": "/usr/bin/python"
2025-06-09 11:45:26.216 [info] [Info  - 11:45:26 AM] (61933) No include entries specified; assuming /<default workspace root>
2025-06-09 11:45:26.217 [info] [Info  - 11:45:26 AM] (61933) Auto-excluding **/node_modules
2025-06-09 11:45:26.217 [info] [Info  - 11:45:26 AM] (61933) Auto-excluding **/__pycache__
2025-06-09 11:45:26.217 [info] [Info  - 11:45:26 AM] (61933) Auto-excluding **/.*
2025-06-09 11:45:26.298 [info] [Info  - 11:45:26 AM] (61933) Assuming Python version 3.13.3.final.0
2025-06-09 11:45:27.178 [info] [Error - 11:45:27 AM] (61933) File or directory "/<default workspace root>" does not exist.
2025-06-09 11:45:27.179 [info] [Info  - 11:45:27 AM] (61933) No source files found.
2025-06-09 11:45:27.273 [info] [Info  - 11:45:27 AM] (61933) BG: Indexer background runner(3) root directory: file:///root/.vscode/extensions/ms-python.vscode-pylance-2025.5.1/dist (index)
2025-06-09 11:45:27.284 [info] [Info  - 11:45:27 AM] (61933) BG: Indexing(3) started
2025-06-09 11:45:28.854 [info] [Info  - 11:45:28 AM] (61933) BG: Priority queue background worker(5) root directory: file:///root/.vscode/extensions/ms-python.vscode-pylance-2025.5.1/dist
2025-06-09 11:45:28.854 [info] [Info  - 11:45:28 AM] (61933) BG: Priority queue background worker(5) started
2025-06-09 11:45:32.315 [info] [Info  - 11:45:32 AM] (61933) BG: [IDX(3)] Long operation: scan packages file:///root/Documents/0xdf_html (4317ms)
2025-06-09 11:45:32.315 [info] [Info  - 11:45:32 AM] (61933) BG: scanned(3) 1279 files over 1 exec env
2025-06-09 13:20:16.577 [info] [Info  - 1:20:16 PM] (61933) BG: [IDX(3)] Long operation: parsing: file:///usr/lib/python3/dist-packages/tables/flavor.py (5670554ms)
2025-06-09 13:20:16.637 [info] [Info  - 1:20:16 PM] (61933) BG: [IDX(3)] Long operation: indexing: file:///usr/lib/python3/dist-packages/tables/__init__.py (5671360ms)
2025-06-09 13:20:18.182 [info] [Info  - 1:20:18 PM] (61933) BG: [IDX(3)] Long operation: index execution environment file:///root/Documents/0xdf_html (5684944ms)
2025-06-09 13:20:18.484 [info] [Info  - 1:20:18 PM] (61933) BG: [IDX(3)] Long operation: index packages file:///root/Documents/0xdf_html (5685605ms)
2025-06-09 13:20:18.484 [info] [Info  - 1:20:18 PM] (61933) BG: indexed(3) 1279 files over 1 exec env
2025-06-09 13:20:19.460 [info] [Info  - 1:20:19 PM] (61933) BG: Indexing finished(3).
